<?xml version="1.0" encoding="UTF-8"?>
<!-- Generated by org.testng.reporters.JUnitReportReporter -->
<testsuite hostname="itp-lapw175" failures="0" tests="12" name="api.test.DDTests" time="17.745" errors="0" timestamp="2024-10-14T12:05:49 IST" skipped="0">
  <testcase classname="api.test.DDTests" name="testPostUser" time="1.338"/>
  <testcase classname="api.test.DDTests" name="testPostUser" time="3.239"/>
  <testcase classname="api.test.DDTests" name="testPostUser" time="1.125"/>
  <testcase classname="api.test.DDTests" name="testPostUser" time="1.362"/>
  <testcase classname="api.test.DDTests" name="testDeleteUser" time="1.138"/>
  <testcase classname="api.test.DDTests" name="testDeleteUser" time="1.356"/>
  <testcase classname="api.test.DDTests" name="testDeleteUser" time="1.366"/>
  <testcase classname="api.test.DDTests" name="testDeleteUser" time="1.380"/>
  <testcase classname="api.test.DDTests" name="testGetUser" time="1.361"/>
  <testcase classname="api.test.DDTests" name="testGetUser" time="1.343"/>
  <testcase classname="api.test.DDTests" name="testGetUser" time="1.364"/>
  <testcase classname="api.test.DDTests" name="testGetUser" time="1.373"/>
</testsuite> <!-- api.test.DDTests -->
