<?xml version="1.0" encoding="UTF-8"?>
<!-- Generated by org.testng.reporters.JUnitReportReporter -->
<testsuite hostname="itp-lapw175" failures="0" tests="12" name="api.test.DDTests" time="18.738" errors="0" timestamp="2024-10-15T14:20:11 IST" skipped="0">
  <testcase classname="api.test.DDTests" name="testPostUser" time="1.402"/>
  <testcase classname="api.test.DDTests" name="testPostUser" time="1.369"/>
  <testcase classname="api.test.DDTests" name="testPostUser" time="3.580"/>
  <testcase classname="api.test.DDTests" name="testPostUser" time="1.399"/>
  <testcase classname="api.test.DDTests" name="testDeleteUser" time="1.369"/>
  <testcase classname="api.test.DDTests" name="testDeleteUser" time="1.329"/>
  <testcase classname="api.test.DDTests" name="testDeleteUser" time="1.360"/>
  <testcase classname="api.test.DDTests" name="testDeleteUser" time="1.335"/>
  <testcase classname="api.test.DDTests" name="testGetUser" time="1.428"/>
  <testcase classname="api.test.DDTests" name="testGetUser" time="1.411"/>
  <testcase classname="api.test.DDTests" name="testGetUser" time="1.393"/>
  <testcase classname="api.test.DDTests" name="testGetUser" time="1.363"/>
</testsuite> <!-- api.test.DDTests -->
