<?xml version="1.0" encoding="UTF-8"?>
<!-- Generated by org.testng.reporters.JUnitReportReporter -->
<testsuite hostname="itp-lapw175" failures="0" tests="4" name="api.test.UserTests" time="7.921" errors="0" timestamp="2024-10-15T14:20:11 IST" skipped="0">
  <testcase classname="api.test.UserTests" name="testPostUser" time="1.416"/>
  <testcase classname="api.test.UserTests" name="testGetUserByName" time="2.210"/>
  <testcase classname="api.test.UserTests" name="testUpdateUserByName" time="2.892"/>
  <testcase classname="api.test.UserTests" name="testDeleteUserByUsername" time="1.403"/>
</testsuite> <!-- api.test.UserTests -->
